<?xml version="1.0" encoding="UTF-8"?>
<testng-results skipped="0" failed="1" total="2" passed="1">
  <reporter-output>
  </reporter-output>
  <suite name="Default suite" duration-ms="41911" started-at="2017-11-01T10:41:27Z" finished-at="2017-11-01T10:42:09Z">
    <groups>
    </groups>
    <test name="Default test" duration-ms="41911" started-at="2017-11-01T10:41:27Z" finished-at="2017-11-01T10:42:09Z">
      <class name="testScripts.TS003_ProcessOrderOnAdminPortal">
        <test-method status="PASS" signature="setup()[pri:0, instance:testScripts.TS003_ProcessOrderOnAdminPortal@778db7c5]" name="setup" is-config="true" duration-ms="8586" started-at="2017-11-01T16:11:27Z" finished-at="2017-11-01T16:11:35Z">
          <reporter-output>
          </reporter-output>
        </test-method> <!-- setup -->
        <test-method status="PASS" signature="approveDocument()[pri:0, instance:testScripts.TS003_ProcessOrderOnAdminPortal@778db7c5]" name="approveDocument" duration-ms="20" started-at="2017-11-01T16:11:35Z" finished-at="2017-11-01T16:11:35Z">
          <reporter-output>
          </reporter-output>
        </test-method> <!-- approveDocument -->
        <test-method status="FAIL" signature="login()[pri:0, instance:testScripts.TS003_ProcessOrderOnAdminPortal@778db7c5]" name="login" duration-ms="33262" started-at="2017-11-01T16:11:35Z" finished-at="2017-11-01T16:12:09Z">
          <exception class="org.openqa.selenium.UnhandledAlertException">
            <message>
              <![CDATA[unexpected alert open: {Alert text : Are you sure you want to mark order as delivered 000001509532640309?}
  (Session info: chrome=61.0.3163.100)
  (Driver info: chromedriver=2.32.498513 (2c63aa53b2c658de596ed550eb5267ec5967b351),platform=Linux 4.10.0-37-generic x86_64) (WARNING: The server did not provide any stacktrace information)
Command duration or timeout: 0 milliseconds: null
Build info: version: '3.6.0', revision: '6fbf3ec767', time: '2017-09-27T15:28:36.4Z'
System info: host: 'user-ThinkPad-E470', ip: '127.0.1.1', os.name: 'Linux', os.arch: 'amd64', os.version: '4.10.0-37-generic', java.version: '1.8.0_131'
Driver info: org.openqa.selenium.chrome.ChromeDriver
Capabilities [{mobileEmulationEnabled=false, hasTouchScreen=false, platform=LINUX, acceptSslCerts=true, webStorageEnabled=true, browserName=chrome, takesScreenshot=true, javascriptEnabled=true, platformName=LINUX, setWindowRect=true, unexpectedAlertBehaviour=, applicationCacheEnabled=false, rotatable=false, networkConnectionEnabled=false, chrome={chromedriverVersion=2.32.498513 (2c63aa53b2c658de596ed550eb5267ec5967b351), userDataDir=/tmp/.org.chromium.Chromium.jeiqYT}, takesHeapSnapshot=true, pageLoadStrategy=normal, unhandledPromptBehavior=, databaseEnabled=false, handlesAlerts=true, version=61.0.3163.100, browserConnectionEnabled=false, nativeEvents=true, locationContextEnabled=true, cssSelectorsEnabled=true}]
Session ID: ba7f8d4ed077f0a37541f28303e36270
*** Element info: {Using=xpath, value=html/body/div[1]/div/div/div[2]/div[3]/div/div/div[2]/div/div[3]/ul/li[9]/a}]]>
            </message>
            <full-stacktrace>
              <![CDATA[org.openqa.selenium.UnhandledAlertException: unexpected alert open: {Alert text : Are you sure you want to mark order as delivered 000001509532640309?}
  (Session info: chrome=61.0.3163.100)
  (Driver info: chromedriver=2.32.498513 (2c63aa53b2c658de596ed550eb5267ec5967b351),platform=Linux 4.10.0-37-generic x86_64) (WARNING: The server did not provide any stacktrace information)
Command duration or timeout: 0 milliseconds: null
Build info: version: '3.6.0', revision: '6fbf3ec767', time: '2017-09-27T15:28:36.4Z'
System info: host: 'user-ThinkPad-E470', ip: '127.0.1.1', os.name: 'Linux', os.arch: 'amd64', os.version: '4.10.0-37-generic', java.version: '1.8.0_131'
Driver info: org.openqa.selenium.chrome.ChromeDriver
Capabilities [{mobileEmulationEnabled=false, hasTouchScreen=false, platform=LINUX, acceptSslCerts=true, webStorageEnabled=true, browserName=chrome, takesScreenshot=true, javascriptEnabled=true, platformName=LINUX, setWindowRect=true, unexpectedAlertBehaviour=, applicationCacheEnabled=false, rotatable=false, networkConnectionEnabled=false, chrome={chromedriverVersion=2.32.498513 (2c63aa53b2c658de596ed550eb5267ec5967b351), userDataDir=/tmp/.org.chromium.Chromium.jeiqYT}, takesHeapSnapshot=true, pageLoadStrategy=normal, unhandledPromptBehavior=, databaseEnabled=false, handlesAlerts=true, version=61.0.3163.100, browserConnectionEnabled=false, nativeEvents=true, locationContextEnabled=true, cssSelectorsEnabled=true}]
Session ID: ba7f8d4ed077f0a37541f28303e36270
*** Element info: {Using=xpath, value=html/body/div[1]/div/div/div[2]/div[3]/div/div/div[2]/div/div[3]/ul/li[9]/a}
	at sun.reflect.NativeConstructorAccessorImpl.newInstance0(Native Method)
	at sun.reflect.NativeConstructorAccessorImpl.newInstance(NativeConstructorAccessorImpl.java:62)
	at sun.reflect.DelegatingConstructorAccessorImpl.newInstance(DelegatingConstructorAccessorImpl.java:45)
	at java.lang.reflect.Constructor.newInstance(Constructor.java:423)
	at org.openqa.selenium.remote.ErrorHandler.createThrowable(ErrorHandler.java:214)
	at org.openqa.selenium.remote.ErrorHandler.throwIfResponseFailed(ErrorHandler.java:172)
	at org.openqa.selenium.remote.http.JsonHttpResponseCodec.reconstructValue(JsonHttpResponseCodec.java:40)
	at org.openqa.selenium.remote.http.AbstractHttpResponseCodec.decode(AbstractHttpResponseCodec.java:82)
	at org.openqa.selenium.remote.http.AbstractHttpResponseCodec.decode(AbstractHttpResponseCodec.java:45)
	at org.openqa.selenium.remote.HttpCommandExecutor.execute(HttpCommandExecutor.java:164)
	at org.openqa.selenium.remote.service.DriverCommandExecutor.execute(DriverCommandExecutor.java:83)
	at org.openqa.selenium.remote.RemoteWebDriver.execute(RemoteWebDriver.java:586)
	at org.openqa.selenium.remote.RemoteWebDriver.findElement(RemoteWebDriver.java:356)
	at org.openqa.selenium.remote.RemoteWebDriver.findElementByXPath(RemoteWebDriver.java:458)
	at org.openqa.selenium.By$ByXPath.findElement(By.java:361)
	at org.openqa.selenium.remote.RemoteWebDriver.findElement(RemoteWebDriver.java:348)
	at pageLibrary.AdminPortalHome.planSwitchProcess(AdminPortalHome.java:71)
	at testScripts.TS003_ProcessOrderOnAdminPortal.login(TS003_ProcessOrderOnAdminPortal.java:37)
	at sun.reflect.NativeMethodAccessorImpl.invoke0(Native Method)
	at sun.reflect.NativeMethodAccessorImpl.invoke(NativeMethodAccessorImpl.java:62)
	at sun.reflect.DelegatingMethodAccessorImpl.invoke(DelegatingMethodAccessorImpl.java:43)
	at java.lang.reflect.Method.invoke(Method.java:498)
	at org.testng.internal.MethodInvocationHelper.invokeMethod(MethodInvocationHelper.java:80)
	at org.testng.internal.Invoker.invokeMethod(Invoker.java:714)
	at org.testng.internal.Invoker.invokeTestMethod(Invoker.java:901)
	at org.testng.internal.Invoker.invokeTestMethods(Invoker.java:1231)
	at org.testng.internal.TestMethodWorker.invokeTestMethods(TestMethodWorker.java:127)
	at org.testng.internal.TestMethodWorker.run(TestMethodWorker.java:111)
	at org.testng.TestRunner.privateRun(TestRunner.java:767)
	at org.testng.TestRunner.run(TestRunner.java:617)
	at org.testng.SuiteRunner.runTest(SuiteRunner.java:334)
	at org.testng.SuiteRunner.runSequentially(SuiteRunner.java:329)
	at org.testng.SuiteRunner.privateRun(SuiteRunner.java:291)
	at org.testng.SuiteRunner.run(SuiteRunner.java:240)
	at org.testng.SuiteRunnerWorker.runSuite(SuiteRunnerWorker.java:52)
	at org.testng.SuiteRunnerWorker.run(SuiteRunnerWorker.java:86)
	at org.testng.TestNG.runSuitesSequentially(TestNG.java:1198)
	at org.testng.TestNG.runSuitesLocally(TestNG.java:1123)
	at org.testng.TestNG.run(TestNG.java:1031)
	at org.testng.remote.AbstractRemoteTestNG.run(AbstractRemoteTestNG.java:114)
	at org.testng.remote.RemoteTestNG.initAndRun(RemoteTestNG.java:251)
	at org.testng.remote.RemoteTestNG.main(RemoteTestNG.java:77)
]]>
            </full-stacktrace>
          </exception> <!-- org.openqa.selenium.UnhandledAlertException -->
          <reporter-output>
          </reporter-output>
        </test-method> <!-- login -->
      </class> <!-- testScripts.TS003_ProcessOrderOnAdminPortal -->
    </test> <!-- Default test -->
  </suite> <!-- Default suite -->
</testng-results>
